Traceback (most recent call last):
  File "/Library/Frameworks/Python.framework/Versions/3.11/lib/python3.11/site-packages/gpytorch/models/exact_prediction_strategies.py", line 47, in __init__
    train_labels = train_labels.reshape(
                   ^^^^^^^^^^^^^^^^^^^^^
RuntimeError: shape '[2, 6]' is invalid for input of size 2

During handling of the above exception, another exception occurred:

Traceback (most recent call last):
  File "/Applications/XAMPP/xamppfiles/htdocs/OptimizeAnything/cgi/refine-solution.py", line 277, in <module>
    new_x, new_x_actual = optimize_qehvi(model, train_obj, qehvi_sampler, parameter_bounds_refined)
                          ^^^^^^^^^^^^^^^^^^^^^^^^^^^^^^^^^^^^^^^^^^^^^^^^^^^^^^^^^^^^^^^^^^^^^^^^^
  File "/Applications/XAMPP/xamppfiles/htdocs/OptimizeAnything/cgi/refine-solution.py", line 194, in optimize_qehvi
    candidates, _ = optimize_acqf(
                    ^^^^^^^^^^^^^^
  File "/Library/Frameworks/Python.framework/Versions/3.11/lib/python3.11/site-packages/botorch/optim/optimize.py", line 563, in optimize_acqf
    return _optimize_acqf(opt_acqf_inputs)
           ^^^^^^^^^^^^^^^^^^^^^^^^^^^^^^^
  File "/Library/Frameworks/Python.framework/Versions/3.11/lib/python3.11/site-packages/botorch/optim/optimize.py", line 584, in _optimize_acqf
    return _optimize_acqf_batch(opt_inputs=opt_inputs)
           ^^^^^^^^^^^^^^^^^^^^^^^^^^^^^^^^^^^^^^^^^^^
  File "/Library/Frameworks/Python.framework/Versions/3.11/lib/python3.11/site-packages/botorch/optim/optimize.py", line 274, in _optimize_acqf_batch
    batch_initial_conditions = opt_inputs.get_ic_generator()(
                               ^^^^^^^^^^^^^^^^^^^^^^^^^^^^^^
  File "/Library/Frameworks/Python.framework/Versions/3.11/lib/python3.11/site-packages/botorch/optim/initializers.py", line 417, in gen_batch_initial_conditions
    Y_rnd_curr = acq_function(
                 ^^^^^^^^^^^^^
  File "/Library/Frameworks/Python.framework/Versions/3.11/lib/python3.11/site-packages/torch/nn/modules/module.py", line 1518, in _wrapped_call_impl
    return self._call_impl(*args, **kwargs)
           ^^^^^^^^^^^^^^^^^^^^^^^^^^^^^^^^
  File "/Library/Frameworks/Python.framework/Versions/3.11/lib/python3.11/site-packages/torch/nn/modules/module.py", line 1527, in _call_impl
    return forward_call(*args, **kwargs)
           ^^^^^^^^^^^^^^^^^^^^^^^^^^^^^
  File "/Library/Frameworks/Python.framework/Versions/3.11/lib/python3.11/site-packages/botorch/utils/transforms.py", line 305, in decorated
    return method(cls, X, **kwargs)
           ^^^^^^^^^^^^^^^^^^^^^^^^
  File "/Library/Frameworks/Python.framework/Versions/3.11/lib/python3.11/site-packages/botorch/utils/transforms.py", line 259, in decorated
    output = method(acqf, X, *args, **kwargs)
             ^^^^^^^^^^^^^^^^^^^^^^^^^^^^^^^^
  File "/Library/Frameworks/Python.framework/Versions/3.11/lib/python3.11/site-packages/botorch/acquisition/multi_objective/monte_carlo.py", line 318, in forward
    posterior = self.model.posterior(X)
                ^^^^^^^^^^^^^^^^^^^^^^^
  File "/Library/Frameworks/Python.framework/Versions/3.11/lib/python3.11/site-packages/botorch/models/gpytorch.py", line 383, in posterior
    mvn = self(X)
          ^^^^^^^
  File "/Library/Frameworks/Python.framework/Versions/3.11/lib/python3.11/site-packages/gpytorch/models/exact_gp.py", line 294, in __call__
    self.prediction_strategy = prediction_strategy(
                               ^^^^^^^^^^^^^^^^^^^^
  File "/Library/Frameworks/Python.framework/Versions/3.11/lib/python3.11/site-packages/gpytorch/models/exact_prediction_strategies.py", line 37, in prediction_strategy
    return cls(train_inputs, train_prior_dist, train_labels, likelihood)
           ^^^^^^^^^^^^^^^^^^^^^^^^^^^^^^^^^^^^^^^^^^^^^^^^^^^^^^^^^^^^^
  File "/Library/Frameworks/Python.framework/Versions/3.11/lib/python3.11/site-packages/gpytorch/kernels/scale_kernel.py", line 124, in prediction_strategy
    return self.base_kernel.prediction_strategy(train_inputs, train_prior_dist, train_labels, likelihood)
           ^^^^^^^^^^^^^^^^^^^^^^^^^^^^^^^^^^^^^^^^^^^^^^^^^^^^^^^^^^^^^^^^^^^^^^^^^^^^^^^^^^^^^^^^^^^^^^
  File "/Library/Frameworks/Python.framework/Versions/3.11/lib/python3.11/site-packages/gpytorch/kernels/kernel.py", line 445, in prediction_strategy
    return exact_prediction_strategies.DefaultPredictionStrategy(
           ^^^^^^^^^^^^^^^^^^^^^^^^^^^^^^^^^^^^^^^^^^^^^^^^^^^^^^
  File "/Library/Frameworks/Python.framework/Versions/3.11/lib/python3.11/site-packages/gpytorch/models/exact_prediction_strategies.py", line 51, in __init__
    raise RuntimeError(
RuntimeError: Flattening the training labels failed. The most common cause of this error is that the shapes of the prior mean and the training labels are mismatched. The shape of the train targets is torch.Size([2, 1]), while the reported shape of the mean is torch.Size([2, 6]).
Traceback (most recent call last):
  File "/Applications/XAMPP/xamppfiles/htdocs/OptimizeAnything/cgi/refine-solution.py", line 281, in <module>
    fit_gpytorch_model(mll)
  File "/Library/Frameworks/Python.framework/Versions/3.11/lib/python3.11/site-packages/botorch/fit.py", line 164, in fit_gpytorch_model
    mll = fit_gpytorch_mll(
          ^^^^^^^^^^^^^^^^^
  File "/Library/Frameworks/Python.framework/Versions/3.11/lib/python3.11/site-packages/botorch/fit.py", line 105, in fit_gpytorch_mll
    return FitGPyTorchMLL(
           ^^^^^^^^^^^^^^^
  File "/Library/Frameworks/Python.framework/Versions/3.11/lib/python3.11/site-packages/botorch/utils/dispatcher.py", line 93, in __call__
    return func(*args, **kwargs)
           ^^^^^^^^^^^^^^^^^^^^^
  File "/Library/Frameworks/Python.framework/Versions/3.11/lib/python3.11/site-packages/botorch/fit.py", line 252, in _fit_fallback
    optimizer(mll, closure=closure, **optimizer_kwargs)
  File "/Library/Frameworks/Python.framework/Versions/3.11/lib/python3.11/site-packages/botorch/optim/fit.py", line 92, in fit_gpytorch_mll_scipy
    result = scipy_minimize(
             ^^^^^^^^^^^^^^^
  File "/Library/Frameworks/Python.framework/Versions/3.11/lib/python3.11/site-packages/botorch/optim/core.py", line 109, in scipy_minimize
    raw = minimize_with_timeout(
          ^^^^^^^^^^^^^^^^^^^^^^
  File "/Library/Frameworks/Python.framework/Versions/3.11/lib/python3.11/site-packages/botorch/optim/utils/timeout.py", line 80, in minimize_with_timeout
    return optimize.minimize(
           ^^^^^^^^^^^^^^^^^^
  File "/Library/Frameworks/Python.framework/Versions/3.11/lib/python3.11/site-packages/scipy/optimize/_minimize.py", line 710, in minimize
    res = _minimize_lbfgsb(fun, x0, args, jac, bounds,
          ^^^^^^^^^^^^^^^^^^^^^^^^^^^^^^^^^^^^^^^^^^^^
  File "/Library/Frameworks/Python.framework/Versions/3.11/lib/python3.11/site-packages/scipy/optimize/_lbfgsb_py.py", line 307, in _minimize_lbfgsb
    sf = _prepare_scalar_function(fun, x0, jac=jac, args=args, epsilon=eps,
         ^^^^^^^^^^^^^^^^^^^^^^^^^^^^^^^^^^^^^^^^^^^^^^^^^^^^^^^^^^^^^^^^^^
  File "/Library/Frameworks/Python.framework/Versions/3.11/lib/python3.11/site-packages/scipy/optimize/_optimize.py", line 383, in _prepare_scalar_function
    sf = ScalarFunction(fun, x0, args, grad, hess,
         ^^^^^^^^^^^^^^^^^^^^^^^^^^^^^^^^^^^^^^^^^
  File "/Library/Frameworks/Python.framework/Versions/3.11/lib/python3.11/site-packages/scipy/optimize/_differentiable_functions.py", line 158, in __init__
    self._update_fun()
  File "/Library/Frameworks/Python.framework/Versions/3.11/lib/python3.11/site-packages/scipy/optimize/_differentiable_functions.py", line 251, in _update_fun
    self._update_fun_impl()
  File "/Library/Frameworks/Python.framework/Versions/3.11/lib/python3.11/site-packages/scipy/optimize/_differentiable_functions.py", line 155, in update_fun
    self.f = fun_wrapped(self.x)
             ^^^^^^^^^^^^^^^^^^^
  File "/Library/Frameworks/Python.framework/Versions/3.11/lib/python3.11/site-packages/scipy/optimize/_differentiable_functions.py", line 137, in fun_wrapped
    fx = fun(np.copy(x), *args)
         ^^^^^^^^^^^^^^^^^^^^^^
  File "/Library/Frameworks/Python.framework/Versions/3.11/lib/python3.11/site-packages/scipy/optimize/_optimize.py", line 77, in __call__
    self._compute_if_needed(x, *args)
  File "/Library/Frameworks/Python.framework/Versions/3.11/lib/python3.11/site-packages/scipy/optimize/_optimize.py", line 71, in _compute_if_needed
    fg = self.fun(x, *args)
         ^^^^^^^^^^^^^^^^^^
  File "/Library/Frameworks/Python.framework/Versions/3.11/lib/python3.11/site-packages/botorch/optim/closures/core.py", line 160, in __call__
    value, grads = _handle_numerical_errors(e, x=self.state, dtype=np_float64)
                   ^^^^^^^^^^^^^^^^^^^^^^^^^^^^^^^^^^^^^^^^^^^^^^^^^^^^^^^^^^^
  File "/Library/Frameworks/Python.framework/Versions/3.11/lib/python3.11/site-packages/botorch/optim/utils/common.py", line 52, in _handle_numerical_errors
    raise error  # pragma: nocover
    ^^^^^^^^^^^
  File "/Library/Frameworks/Python.framework/Versions/3.11/lib/python3.11/site-packages/botorch/optim/closures/core.py", line 150, in __call__
    value_tensor, grad_tensors = self.closure(**kwargs)
                                 ^^^^^^^^^^^^^^^^^^^^^^
  File "/Library/Frameworks/Python.framework/Versions/3.11/lib/python3.11/site-packages/botorch/optim/closures/core.py", line 64, in __call__
    values = self.forward(**kwargs)
             ^^^^^^^^^^^^^^^^^^^^^^
  File "/Library/Frameworks/Python.framework/Versions/3.11/lib/python3.11/site-packages/botorch/optim/closures/model_closures.py", line 176, in closure
    log_likelihood = mll(
                     ^^^^
  File "/Library/Frameworks/Python.framework/Versions/3.11/lib/python3.11/site-packages/gpytorch/module.py", line 31, in __call__
    outputs = self.forward(*inputs, **kwargs)
              ^^^^^^^^^^^^^^^^^^^^^^^^^^^^^^^
  File "/Library/Frameworks/Python.framework/Versions/3.11/lib/python3.11/site-packages/gpytorch/mlls/exact_marginal_log_likelihood.py", line 64, in forward
    res = output.log_prob(target)
          ^^^^^^^^^^^^^^^^^^^^^^^
  File "/Library/Frameworks/Python.framework/Versions/3.11/lib/python3.11/site-packages/gpytorch/distributions/multivariate_normal.py", line 171, in log_prob
    return super().log_prob(value)
           ^^^^^^^^^^^^^^^^^^^^^^^
  File "/Library/Frameworks/Python.framework/Versions/3.11/lib/python3.11/site-packages/torch/distributions/multivariate_normal.py", line 248, in log_prob
    M = _batch_mahalanobis(self._unbroadcasted_scale_tril, diff)
        ^^^^^^^^^^^^^^^^^^^^^^^^^^^^^^^^^^^^^^^^^^^^^^^^^^^^^^^^
  File "/Library/Frameworks/Python.framework/Versions/3.11/lib/python3.11/site-packages/torch/distributions/multivariate_normal.py", line 58, in _batch_mahalanobis
    flat_L = bL.reshape(-1, n, n)  # shape = b x n x n
             ^^^^^^^^^^^^^^^^^^^^
RuntimeError: shape '[-1, 7, 7]' is invalid for input of size 2
Traceback (most recent call last):
  File "/Applications/XAMPP/xamppfiles/htdocs/OptimizeAnything/cgi/refine-solution.py", line 281, in <module>
    fit_gpytorch_model(mll)
  File "/Library/Frameworks/Python.framework/Versions/3.11/lib/python3.11/site-packages/botorch/fit.py", line 164, in fit_gpytorch_model
    mll = fit_gpytorch_mll(
          ^^^^^^^^^^^^^^^^^
  File "/Library/Frameworks/Python.framework/Versions/3.11/lib/python3.11/site-packages/botorch/fit.py", line 105, in fit_gpytorch_mll
    return FitGPyTorchMLL(
           ^^^^^^^^^^^^^^^
  File "/Library/Frameworks/Python.framework/Versions/3.11/lib/python3.11/site-packages/botorch/utils/dispatcher.py", line 93, in __call__
    return func(*args, **kwargs)
           ^^^^^^^^^^^^^^^^^^^^^
  File "/Library/Frameworks/Python.framework/Versions/3.11/lib/python3.11/site-packages/botorch/fit.py", line 252, in _fit_fallback
    optimizer(mll, closure=closure, **optimizer_kwargs)
  File "/Library/Frameworks/Python.framework/Versions/3.11/lib/python3.11/site-packages/botorch/optim/fit.py", line 92, in fit_gpytorch_mll_scipy
    result = scipy_minimize(
             ^^^^^^^^^^^^^^^
  File "/Library/Frameworks/Python.framework/Versions/3.11/lib/python3.11/site-packages/botorch/optim/core.py", line 109, in scipy_minimize
    raw = minimize_with_timeout(
          ^^^^^^^^^^^^^^^^^^^^^^
  File "/Library/Frameworks/Python.framework/Versions/3.11/lib/python3.11/site-packages/botorch/optim/utils/timeout.py", line 80, in minimize_with_timeout
    return optimize.minimize(
           ^^^^^^^^^^^^^^^^^^
  File "/Library/Frameworks/Python.framework/Versions/3.11/lib/python3.11/site-packages/scipy/optimize/_minimize.py", line 710, in minimize
    res = _minimize_lbfgsb(fun, x0, args, jac, bounds,
          ^^^^^^^^^^^^^^^^^^^^^^^^^^^^^^^^^^^^^^^^^^^^
  File "/Library/Frameworks/Python.framework/Versions/3.11/lib/python3.11/site-packages/scipy/optimize/_lbfgsb_py.py", line 307, in _minimize_lbfgsb
    sf = _prepare_scalar_function(fun, x0, jac=jac, args=args, epsilon=eps,
         ^^^^^^^^^^^^^^^^^^^^^^^^^^^^^^^^^^^^^^^^^^^^^^^^^^^^^^^^^^^^^^^^^^
  File "/Library/Frameworks/Python.framework/Versions/3.11/lib/python3.11/site-packages/scipy/optimize/_optimize.py", line 383, in _prepare_scalar_function
    sf = ScalarFunction(fun, x0, args, grad, hess,
         ^^^^^^^^^^^^^^^^^^^^^^^^^^^^^^^^^^^^^^^^^
  File "/Library/Frameworks/Python.framework/Versions/3.11/lib/python3.11/site-packages/scipy/optimize/_differentiable_functions.py", line 158, in __init__
    self._update_fun()
  File "/Library/Frameworks/Python.framework/Versions/3.11/lib/python3.11/site-packages/scipy/optimize/_differentiable_functions.py", line 251, in _update_fun
    self._update_fun_impl()
  File "/Library/Frameworks/Python.framework/Versions/3.11/lib/python3.11/site-packages/scipy/optimize/_differentiable_functions.py", line 155, in update_fun
    self.f = fun_wrapped(self.x)
             ^^^^^^^^^^^^^^^^^^^
  File "/Library/Frameworks/Python.framework/Versions/3.11/lib/python3.11/site-packages/scipy/optimize/_differentiable_functions.py", line 137, in fun_wrapped
    fx = fun(np.copy(x), *args)
         ^^^^^^^^^^^^^^^^^^^^^^
  File "/Library/Frameworks/Python.framework/Versions/3.11/lib/python3.11/site-packages/scipy/optimize/_optimize.py", line 77, in __call__
    self._compute_if_needed(x, *args)
  File "/Library/Frameworks/Python.framework/Versions/3.11/lib/python3.11/site-packages/scipy/optimize/_optimize.py", line 71, in _compute_if_needed
    fg = self.fun(x, *args)
         ^^^^^^^^^^^^^^^^^^
  File "/Library/Frameworks/Python.framework/Versions/3.11/lib/python3.11/site-packages/botorch/optim/closures/core.py", line 160, in __call__
    value, grads = _handle_numerical_errors(e, x=self.state, dtype=np_float64)
                   ^^^^^^^^^^^^^^^^^^^^^^^^^^^^^^^^^^^^^^^^^^^^^^^^^^^^^^^^^^^
  File "/Library/Frameworks/Python.framework/Versions/3.11/lib/python3.11/site-packages/botorch/optim/utils/common.py", line 52, in _handle_numerical_errors
    raise error  # pragma: nocover
    ^^^^^^^^^^^
  File "/Library/Frameworks/Python.framework/Versions/3.11/lib/python3.11/site-packages/botorch/optim/closures/core.py", line 150, in __call__
    value_tensor, grad_tensors = self.closure(**kwargs)
                                 ^^^^^^^^^^^^^^^^^^^^^^
  File "/Library/Frameworks/Python.framework/Versions/3.11/lib/python3.11/site-packages/botorch/optim/closures/core.py", line 64, in __call__
    values = self.forward(**kwargs)
             ^^^^^^^^^^^^^^^^^^^^^^
  File "/Library/Frameworks/Python.framework/Versions/3.11/lib/python3.11/site-packages/botorch/optim/closures/model_closures.py", line 176, in closure
    log_likelihood = mll(
                     ^^^^
  File "/Library/Frameworks/Python.framework/Versions/3.11/lib/python3.11/site-packages/gpytorch/module.py", line 31, in __call__
    outputs = self.forward(*inputs, **kwargs)
              ^^^^^^^^^^^^^^^^^^^^^^^^^^^^^^^
  File "/Library/Frameworks/Python.framework/Versions/3.11/lib/python3.11/site-packages/gpytorch/mlls/exact_marginal_log_likelihood.py", line 64, in forward
    res = output.log_prob(target)
          ^^^^^^^^^^^^^^^^^^^^^^^
  File "/Library/Frameworks/Python.framework/Versions/3.11/lib/python3.11/site-packages/gpytorch/distributions/multivariate_normal.py", line 171, in log_prob
    return super().log_prob(value)
           ^^^^^^^^^^^^^^^^^^^^^^^
  File "/Library/Frameworks/Python.framework/Versions/3.11/lib/python3.11/site-packages/torch/distributions/multivariate_normal.py", line 248, in log_prob
    M = _batch_mahalanobis(self._unbroadcasted_scale_tril, diff)
        ^^^^^^^^^^^^^^^^^^^^^^^^^^^^^^^^^^^^^^^^^^^^^^^^^^^^^^^^
  File "/Library/Frameworks/Python.framework/Versions/3.11/lib/python3.11/site-packages/torch/distributions/multivariate_normal.py", line 58, in _batch_mahalanobis
    flat_L = bL.reshape(-1, n, n)  # shape = b x n x n
             ^^^^^^^^^^^^^^^^^^^^
RuntimeError: shape '[-1, 7, 7]' is invalid for input of size 2
Traceback (most recent call last):
  File "/Applications/XAMPP/xamppfiles/htdocs/OptimizeAnything/cgi/refine-solution.py", line 281, in <module>
    fit_gpytorch_model(mll)
  File "/Library/Frameworks/Python.framework/Versions/3.11/lib/python3.11/site-packages/botorch/fit.py", line 164, in fit_gpytorch_model
    mll = fit_gpytorch_mll(
          ^^^^^^^^^^^^^^^^^
  File "/Library/Frameworks/Python.framework/Versions/3.11/lib/python3.11/site-packages/botorch/fit.py", line 105, in fit_gpytorch_mll
    return FitGPyTorchMLL(
           ^^^^^^^^^^^^^^^
  File "/Library/Frameworks/Python.framework/Versions/3.11/lib/python3.11/site-packages/botorch/utils/dispatcher.py", line 93, in __call__
    return func(*args, **kwargs)
           ^^^^^^^^^^^^^^^^^^^^^
  File "/Library/Frameworks/Python.framework/Versions/3.11/lib/python3.11/site-packages/botorch/fit.py", line 252, in _fit_fallback
    optimizer(mll, closure=closure, **optimizer_kwargs)
  File "/Library/Frameworks/Python.framework/Versions/3.11/lib/python3.11/site-packages/botorch/optim/fit.py", line 92, in fit_gpytorch_mll_scipy
    result = scipy_minimize(
             ^^^^^^^^^^^^^^^
  File "/Library/Frameworks/Python.framework/Versions/3.11/lib/python3.11/site-packages/botorch/optim/core.py", line 109, in scipy_minimize
    raw = minimize_with_timeout(
          ^^^^^^^^^^^^^^^^^^^^^^
  File "/Library/Frameworks/Python.framework/Versions/3.11/lib/python3.11/site-packages/botorch/optim/utils/timeout.py", line 80, in minimize_with_timeout
    return optimize.minimize(
           ^^^^^^^^^^^^^^^^^^
  File "/Library/Frameworks/Python.framework/Versions/3.11/lib/python3.11/site-packages/scipy/optimize/_minimize.py", line 710, in minimize
    res = _minimize_lbfgsb(fun, x0, args, jac, bounds,
          ^^^^^^^^^^^^^^^^^^^^^^^^^^^^^^^^^^^^^^^^^^^^
  File "/Library/Frameworks/Python.framework/Versions/3.11/lib/python3.11/site-packages/scipy/optimize/_lbfgsb_py.py", line 307, in _minimize_lbfgsb
    sf = _prepare_scalar_function(fun, x0, jac=jac, args=args, epsilon=eps,
         ^^^^^^^^^^^^^^^^^^^^^^^^^^^^^^^^^^^^^^^^^^^^^^^^^^^^^^^^^^^^^^^^^^
  File "/Library/Frameworks/Python.framework/Versions/3.11/lib/python3.11/site-packages/scipy/optimize/_optimize.py", line 383, in _prepare_scalar_function
    sf = ScalarFunction(fun, x0, args, grad, hess,
         ^^^^^^^^^^^^^^^^^^^^^^^^^^^^^^^^^^^^^^^^^
  File "/Library/Frameworks/Python.framework/Versions/3.11/lib/python3.11/site-packages/scipy/optimize/_differentiable_functions.py", line 158, in __init__
    self._update_fun()
  File "/Library/Frameworks/Python.framework/Versions/3.11/lib/python3.11/site-packages/scipy/optimize/_differentiable_functions.py", line 251, in _update_fun
    self._update_fun_impl()
  File "/Library/Frameworks/Python.framework/Versions/3.11/lib/python3.11/site-packages/scipy/optimize/_differentiable_functions.py", line 155, in update_fun
    self.f = fun_wrapped(self.x)
             ^^^^^^^^^^^^^^^^^^^
  File "/Library/Frameworks/Python.framework/Versions/3.11/lib/python3.11/site-packages/scipy/optimize/_differentiable_functions.py", line 137, in fun_wrapped
    fx = fun(np.copy(x), *args)
         ^^^^^^^^^^^^^^^^^^^^^^
  File "/Library/Frameworks/Python.framework/Versions/3.11/lib/python3.11/site-packages/scipy/optimize/_optimize.py", line 77, in __call__
    self._compute_if_needed(x, *args)
  File "/Library/Frameworks/Python.framework/Versions/3.11/lib/python3.11/site-packages/scipy/optimize/_optimize.py", line 71, in _compute_if_needed
    fg = self.fun(x, *args)
         ^^^^^^^^^^^^^^^^^^
  File "/Library/Frameworks/Python.framework/Versions/3.11/lib/python3.11/site-packages/botorch/optim/closures/core.py", line 160, in __call__
    value, grads = _handle_numerical_errors(e, x=self.state, dtype=np_float64)
                   ^^^^^^^^^^^^^^^^^^^^^^^^^^^^^^^^^^^^^^^^^^^^^^^^^^^^^^^^^^^
  File "/Library/Frameworks/Python.framework/Versions/3.11/lib/python3.11/site-packages/botorch/optim/utils/common.py", line 52, in _handle_numerical_errors
    raise error  # pragma: nocover
    ^^^^^^^^^^^
  File "/Library/Frameworks/Python.framework/Versions/3.11/lib/python3.11/site-packages/botorch/optim/closures/core.py", line 150, in __call__
    value_tensor, grad_tensors = self.closure(**kwargs)
                                 ^^^^^^^^^^^^^^^^^^^^^^
  File "/Library/Frameworks/Python.framework/Versions/3.11/lib/python3.11/site-packages/botorch/optim/closures/core.py", line 64, in __call__
    values = self.forward(**kwargs)
             ^^^^^^^^^^^^^^^^^^^^^^
  File "/Library/Frameworks/Python.framework/Versions/3.11/lib/python3.11/site-packages/botorch/optim/closures/model_closures.py", line 176, in closure
    log_likelihood = mll(
                     ^^^^
  File "/Library/Frameworks/Python.framework/Versions/3.11/lib/python3.11/site-packages/gpytorch/module.py", line 31, in __call__
    outputs = self.forward(*inputs, **kwargs)
              ^^^^^^^^^^^^^^^^^^^^^^^^^^^^^^^
  File "/Library/Frameworks/Python.framework/Versions/3.11/lib/python3.11/site-packages/gpytorch/mlls/exact_marginal_log_likelihood.py", line 64, in forward
    res = output.log_prob(target)
          ^^^^^^^^^^^^^^^^^^^^^^^
  File "/Library/Frameworks/Python.framework/Versions/3.11/lib/python3.11/site-packages/gpytorch/distributions/multivariate_normal.py", line 171, in log_prob
    return super().log_prob(value)
           ^^^^^^^^^^^^^^^^^^^^^^^
  File "/Library/Frameworks/Python.framework/Versions/3.11/lib/python3.11/site-packages/torch/distributions/multivariate_normal.py", line 248, in log_prob
    M = _batch_mahalanobis(self._unbroadcasted_scale_tril, diff)
        ^^^^^^^^^^^^^^^^^^^^^^^^^^^^^^^^^^^^^^^^^^^^^^^^^^^^^^^^
  File "/Library/Frameworks/Python.framework/Versions/3.11/lib/python3.11/site-packages/torch/distributions/multivariate_normal.py", line 58, in _batch_mahalanobis
    flat_L = bL.reshape(-1, n, n)  # shape = b x n x n
             ^^^^^^^^^^^^^^^^^^^^
RuntimeError: shape '[-1, 7, 7]' is invalid for input of size 2
